# JRE version: OpenJDK Runtime Environment (17.0.6) (build 17.0.6+0-b2043.56-9586694)
# Java VM: OpenJDK 64-Bit Server VM (17.0.6+0-b2043.56-9586694, mixed mode, tiered, compressed oops, compressed class ptrs, g1 gc, windows-amd64)
GC Precious Log:
 CPUs: 8 total, 8 available
 Memory: 6078M
 Large Page Support: Disabled
 NUMA Support: Disabled
 Compressed Oops: Enabled (32-bit)
 Heap Region Size: 1M
 Heap Min Capacity: 8M
 Heap Initial Capacity: 96M
 Heap Max Capacity: 2G
 Pre-touch: Disabled
 Parallel Workers: 8
 Concurrent Workers: 2
 Concurrent Refinement Workers: 8
 Periodic GC: Disabled
Heap:
 garbage-first heap   total 173056K, used 122227K [0x0000000080000000, 0x0000000100000000)
  region size 1024K, 8 young (8192K), 4 survivors (4096K)
 Metaspace       used 96567K, committed 97344K, reserved 1138688K
  class space    used 12880K, committed 13248K, reserved 1048576K
GC Heap History (20 events):
Event: 53.950 GC heap before
{Heap before GC invocations=41 (full 0):
 garbage-first heap   total 113664K, used 90363K [0x0000000080000000, 0x0000000100000000)
  region size 1024K, 35 young (35840K), 5 survivors (5120K)
 Metaspace       used 79960K, committed 80512K, reserved 1122304K
  class space    used 10750K, committed 11008K, reserved 1048576K
}
Event: 53.958 GC heap after
{Heap after GC invocations=42 (full 0):
 garbage-first heap   total 113664K, used 62093K [0x0000000080000000, 0x0000000100000000)
  region size 1024K, 5 young (5120K), 5 survivors (5120K)
 Metaspace       used 79960K, committed 80512K, reserved 1122304K
  class space    used 10750K, committed 11008K, reserved 1048576K
}
Event: 55.216 GC heap before
{Heap before GC invocations=42 (full 0):
 garbage-first heap   total 113664K, used 91789K [0x0000000080000000, 0x0000000100000000)
  region size 1024K, 34 young (34816K), 5 survivors (5120K)
 Metaspace       used 83126K, committed 83648K, reserved 1122304K
  class space    used 11262K, committed 11520K, reserved 1048576K
}
Event: 55.225 GC heap after
{Heap after GC invocations=43 (full 0):
 garbage-first heap   total 113664K, used 63728K [0x0000000080000000, 0x0000000100000000)
  region size 1024K, 4 young (4096K), 4 survivors (4096K)
 Metaspace       used 83126K, committed 83648K, reserved 1122304K
  class space    used 11262K, committed 11520K, reserved 1048576K
}
Event: 57.445 GC heap before
{Heap before GC invocations=43 (full 0):
 garbage-first heap   total 113664K, used 92400K [0x0000000080000000, 0x0000000100000000)
  region size 1024K, 32 young (32768K), 4 survivors (4096K)
 Metaspace       used 86197K, committed 86784K, reserved 1130496K
  class space    used 11652K, committed 11968K, reserved 1048576K
}
Event: 57.456 GC heap after
{Heap after GC invocations=44 (full 0):
 garbage-first heap   total 113664K, used 66557K [0x0000000080000000, 0x0000000100000000)
  region size 1024K, 4 young (4096K), 4 survivors (4096K)
 Metaspace       used 86197K, committed 86784K, reserved 1130496K
  class space    used 11652K, committed 11968K, reserved 1048576K
}
Event: 58.406 GC heap before
{Heap before GC invocations=44 (full 0):
 garbage-first heap   total 113664K, used 93181K [0x0000000080000000, 0x0000000100000000)
  region size 1024K, 30 young (30720K), 4 survivors (4096K)
 Metaspace       used 86711K, committed 87360K, reserved 1130496K
  class space    used 11719K, committed 12032K, reserved 1048576K
}
Event: 58.418 GC heap after
{Heap after GC invocations=45 (full 0):
 garbage-first heap   total 113664K, used 70868K [0x0000000080000000, 0x0000000100000000)
  region size 1024K, 4 young (4096K), 4 survivors (4096K)
 Metaspace       used 86711K, committed 87360K, reserved 1130496K
  class space    used 11719K, committed 12032K, reserved 1048576K
}
Event: 59.078 GC heap before
{Heap before GC invocations=45 (full 0):
 garbage-first heap   total 113664K, used 92372K [0x0000000080000000, 0x0000000100000000)
  region size 1024K, 26 young (26624K), 4 survivors (4096K)
 Metaspace       used 87078K, committed 87680K, reserved 1130496K
  class space    used 11745K, committed 12032K, reserved 1048576K
}
Event: 59.089 GC heap after
{Heap after GC invocations=46 (full 0):
 garbage-first heap   total 113664K, used 74976K [0x0000000080000000, 0x0000000100000000)
  region size 1024K, 4 young (4096K), 4 survivors (4096K)
 Metaspace       used 87078K, committed 87680K, reserved 1130496K
  class space    used 11745K, committed 12032K, reserved 1048576K
}
Event: 60.486 GC heap before
{Heap before GC invocations=46 (full 0):
 garbage-first heap   total 113664K, used 92384K [0x0000000080000000, 0x0000000100000000)
  region size 1024K, 22 young (22528K), 4 survivors (4096K)
 Metaspace       used 89784K, committed 90368K, reserved 1130496K
  class space    used 12130K, committed 12416K, reserved 1048576K
}
Event: 60.500 GC heap after
{Heap after GC invocations=47 (full 0):
 garbage-first heap   total 173056K, used 77799K [0x0000000080000000, 0x0000000100000000)
  region size 1024K, 3 young (3072K), 3 survivors (3072K)
 Metaspace       used 89784K, committed 90368K, reserved 1130496K
  class space    used 12130K, committed 12416K, reserved 1048576K
}
Event: 64.535 GC heap before
{Heap before GC invocations=47 (full 0):
 garbage-first heap   total 173056K, used 130023K [0x0000000080000000, 0x0000000100000000)
  region size 1024K, 55 young (56320K), 3 survivors (3072K)
 Metaspace       used 91576K, committed 92224K, reserved 1130496K
  class space    used 12384K, committed 12672K, reserved 1048576K
}
Event: 64.551 GC heap after
{Heap after GC invocations=48 (full 0):
 garbage-first heap   total 173056K, used 81552K [0x0000000080000000, 0x0000000100000000)
  region size 1024K, 7 young (7168K), 7 survivors (7168K)
 Metaspace       used 91576K, committed 92224K, reserved 1130496K
  class space    used 12384K, committed 12672K, reserved 1048576K
}
Event: 69.085 GC heap before
{Heap before GC invocations=48 (full 0):
 garbage-first heap   total 173056K, used 132752K [0x0000000080000000, 0x0000000100000000)
  region size 1024K, 58 young (59392K), 7 survivors (7168K)
 Metaspace       used 94805K, committed 95488K, reserved 1138688K
  class space    used 12746K, committed 13056K, reserved 1048576K
}
Event: 69.101 GC heap after
{Heap after GC invocations=49 (full 0):
 garbage-first heap   total 173056K, used 86388K [0x0000000080000000, 0x0000000100000000)
  region size 1024K, 8 young (8192K), 8 survivors (8192K)
 Metaspace       used 94805K, committed 95488K, reserved 1138688K
  class space    used 12746K, committed 13056K, reserved 1048576K
}
Event: 70.964 GC heap before
{Heap before GC invocations=49 (full 0):
 garbage-first heap   total 173056K, used 138612K [0x0000000080000000, 0x0000000100000000)
  region size 1024K, 56 young (57344K), 8 survivors (8192K)
 Metaspace       used 95798K, committed 96512K, reserved 1138688K
  class space    used 12826K, committed 13184K, reserved 1048576K
}
Event: 70.989 GC heap after
{Heap after GC invocations=50 (full 0):
 garbage-first heap   total 173056K, used 105275K [0x0000000080000000, 0x0000000100000000)
  region size 1024K, 7 young (7168K), 7 survivors (7168K)
 Metaspace       used 95798K, committed 96512K, reserved 1138688K
  class space    used 12826K, committed 13184K, reserved 1048576K
}
Event: 72.714 GC heap before
{Heap before GC invocations=50 (full 0):
 garbage-first heap   total 173056K, used 146235K [0x0000000080000000, 0x0000000100000000)
  region size 1024K, 38 young (38912K), 7 survivors (7168K)
 Metaspace       used 95961K, committed 96704K, reserved 1138688K
  class space    used 12833K, committed 13184K, reserved 1048576K
}
Event: 72.735 GC heap after
{Heap after GC invocations=51 (full 0):
 garbage-first heap   total 173056K, used 116228K [0x0000000080000000, 0x0000000100000000)
  region size 1024K, 5 young (5120K), 5 survivors (5120K)
 Metaspace       used 95961K, committed 96704K, reserved 1138688K
  class space    used 12833K, committed 13184K, reserved 1048576K
}

